<?xml version='1.0' encoding='UTF-8' ?>
<testsuite name="com.example.dogglers.ButtonTests" tests="16" failures="0" errors="0" skipped="0" time="19.525" timestamp="2023-08-25T22:17:12" hostname="localhost">
  <properties>
    <property name="device" value="Nexus_5_API_26(AVD) - 8.0.0" />
    <property name="flavor" value="" />
    <property name="project" value=":app" />
  </properties>
  <testcase name="grid_list_button_is_displayed" classname="com.example.dogglers.ButtonTests" time="0.912" />
  <testcase name="clicking_horizontal_list_button_displays_horizontal_list" classname="com.example.dogglers.ButtonTests" time="1.343" />
  <testcase name="clicking_grid_list_button_displays_grid_list" classname="com.example.dogglers.ButtonTests" time="2.726" />
  <testcase name="clicking_vertical_list_button_displays_vertical_list" classname="com.example.dogglers.ButtonTests" time="1.373" />
  <testcase name="horizontal_list_button_is_displayed" classname="com.example.dogglers.ButtonTests" time="0.695" />
  <testcase name="vertical_list_button_is_displayed" classname="com.example.dogglers.ButtonTests" time="0.523" />
  <testcase name="recycler_view_item_count" classname="com.example.dogglers.GridListTests" time="0.727" />
  <testcase name="vertical_scrolling" classname="com.example.dogglers.GridListTests" time="0.909" />
  <testcase name="grid_list_content_at_last_position" classname="com.example.dogglers.GridListTests" time="0.943" />
  <testcase name="recycler_view_item_count" classname="com.example.dogglers.HorizontalListTests" time="0.718" />
  <testcase name="horizontal_scrolling" classname="com.example.dogglers.HorizontalListTests" time="1.122" />
  <testcase name="horizontal_scroll_content_at_last_position" classname="com.example.dogglers.HorizontalListTests" time="0.82" />
  <testcase name="horizontal_scroll_content_at_first_position" classname="com.example.dogglers.HorizontalListTests" time="1.161" />
  <testcase name="recycler_view_item_count" classname="com.example.dogglers.VerticalListTests" time="0.796" />
  <testcase name="vertical_scroll_content_at_last_position" classname="com.example.dogglers.VerticalListTests" time="0.708" />
  <testcase name="vertical_scroll_content_at_first_position" classname="com.example.dogglers.VerticalListTests" time="0.636" />
</testsuite>